[12-10-2023 00:19:13.088 INFO com.vmo.demowebshop.helper.Log] - Open browser
[12-10-2023 00:19:17.296 INFO com.vmo.demowebshop.helper.Log] - Open Demo shop
[12-10-2023 00:19:20.274 INFO com.vmo.demowebshop.helper.Log] - Get title of Page
[12-10-2023 00:19:21.088 INFO com.vmo.demowebshop.helper.Log] - Click on link
[12-10-2023 00:19:21.088 INFO com.vmo.demowebshop.helper.Log] - Get title of Page
[12-10-2023 00:19:21.389 INFO com.vmo.demowebshop.helper.Log] - Enter value on textbox
[12-10-2023 00:19:21.553 INFO com.vmo.demowebshop.helper.Log] - Enter value on textbox
[12-10-2023 00:19:22.025 INFO com.vmo.demowebshop.helper.Log] - Click on link
[12-10-2023 00:19:22.462 WARN org.asynchttpclient.netty.handler.WebSocketHandler] - onError
java.net.SocketException: Connection reset
	at sun.nio.ch.SocketChannelImpl.throwConnectionReset(SocketChannelImpl.java:394) ~[?:?]
	at sun.nio.ch.SocketChannelImpl.read(SocketChannelImpl.java:426) ~[?:?]
	at io.netty.buffer.PooledByteBuf.setBytes(PooledByteBuf.java:256) ~[netty-buffer-4.1.92.Final.jar:4.1.92.Final]
	at io.netty.buffer.AbstractByteBuf.writeBytes(AbstractByteBuf.java:1132) ~[netty-buffer-4.1.92.Final.jar:4.1.92.Final]
	at io.netty.channel.socket.nio.NioSocketChannel.doReadBytes(NioSocketChannel.java:357) ~[netty-transport-4.1.92.Final.jar:4.1.92.Final]
	at io.netty.channel.nio.AbstractNioByteChannel$NioByteUnsafe.read(AbstractNioByteChannel.java:151) [netty-transport-4.1.92.Final.jar:4.1.92.Final]
	at io.netty.channel.nio.NioEventLoop.processSelectedKey(NioEventLoop.java:788) [netty-transport-4.1.92.Final.jar:4.1.92.Final]
	at io.netty.channel.nio.NioEventLoop.processSelectedKeysOptimized(NioEventLoop.java:724) [netty-transport-4.1.92.Final.jar:4.1.92.Final]
	at io.netty.channel.nio.NioEventLoop.processSelectedKeys(NioEventLoop.java:650) [netty-transport-4.1.92.Final.jar:4.1.92.Final]
	at io.netty.channel.nio.NioEventLoop.run(NioEventLoop.java:562) [netty-transport-4.1.92.Final.jar:4.1.92.Final]
	at io.netty.util.concurrent.SingleThreadEventExecutor$4.run(SingleThreadEventExecutor.java:997) [netty-common-4.1.92.Final.jar:4.1.92.Final]
	at io.netty.util.internal.ThreadExecutorMap$2.run(ThreadExecutorMap.java:74) [netty-common-4.1.92.Final.jar:4.1.92.Final]
	at io.netty.util.concurrent.FastThreadLocalRunnable.run(FastThreadLocalRunnable.java:30) [netty-common-4.1.92.Final.jar:4.1.92.Final]
	at java.lang.Thread.run(Thread.java:833) [?:?]
[12-10-2023 00:19:22.704 INFO com.vmo.demowebshop.helper.Log] - Get title of Page
[12-10-2023 00:19:22.754 INFO com.vmo.demowebshop.helper.Log] - Get title of Page
[12-10-2023 00:19:22.777 INFO com.vmo.demowebshop.helper.Log] - Get title of Page
[12-10-2023 00:19:22.805 INFO com.vmo.demowebshop.helper.Log] - Get title of Page
[12-10-2023 00:19:22.827 INFO com.vmo.demowebshop.helper.Log] - Get title of Page
[12-10-2023 00:19:24.183 INFO com.vmo.demowebshop.helper.Log] - Open browser
[12-10-2023 00:19:27.732 INFO com.vmo.demowebshop.helper.Log] - Open Demo shop
[12-10-2023 00:19:27.740 INFO com.vmo.demowebshop.helper.Log] - Get title of Page
[12-10-2023 00:19:27.757 INFO com.vmo.demowebshop.helper.Log] - Click on Login link
[12-10-2023 00:19:28.592 INFO com.vmo.demowebshop.helper.Log] - Get title of Book page
[12-10-2023 00:19:31.988 INFO com.vmo.demowebshop.helper.Log] - Add success 2 book rating highest
[12-10-2023 00:19:32.038 INFO com.vmo.demowebshop.helper.Log] - Add to cart success
[12-10-2023 00:19:35.087 INFO com.vmo.demowebshop.helper.Log] - Get quantity
[12-10-2023 00:19:35.357 INFO com.vmo.demowebshop.helper.Log] - Hover success
